<?xml version="1.0" encoding="UTF-8"?>
<!-- Generated by org.testng.reporters.JUnitReportReporter -->
<testsuite hostname="KCSystem" name="runnerFiles.Regression_Core_FeatureRunner" tests="1" failures="0" timestamp="20 Mar 2017 00:57:54 GMT" time="74.081" errors="0">
  <testcase name="feature" time="74.081" classname="runnerFiles.Regression_Core_FeatureRunner"/>
</testsuite> <!-- runnerFiles.Regression_Core_FeatureRunner -->
