<?xml version="1.0" encoding="UTF-8"?>
<!-- Generated by org.testng.reporters.JUnitReportReporter -->
<testsuite name="runnerFiles.Regression_Core_Game" tests="1" time="16.438" ignored="0" failures="0" timestamp="27 mar 2017 14:27:36 GMT" skipped="0" hostname="QA29" errors="0">
  <testcase name="feature" time="16.438" classname="runnerFiles.Regression_Core_Game"/>
</testsuite> <!-- runnerFiles.Regression_Core_Game -->
