<?xml version="1.0" encoding="UTF-8"?>
<!-- Generated by org.testng.reporters.JUnitReportReporter -->
<testsuite hostname="dev.ascentis.com" name="runnerFiles.Maui_Regression_Core_FeatureRunner" tests="1" failures="0" timestamp="13 Mar 2017 15:34:31 GMT" time="5.606" errors="0">
  <testcase name="feature" time="5.606" classname="runnerFiles.Maui_Regression_Core_FeatureRunner"/>
</testsuite> <!-- runnerFiles.Maui_Regression_Core_FeatureRunner -->
