<?xml version="1.0" encoding="UTF-8"?>
<!-- Generated by org.testng.reporters.JUnitReportReporter -->
<testsuite name="runnerFiles.Regression_Core_Login" tests="1" time="56.475" ignored="0" failures="0" timestamp="22 mar 2017 22:34:13 GMT" skipped="0" hostname="KCSystem" errors="0">
  <testcase name="feature" time="56.475" classname="runnerFiles.Regression_Core_Login"/>
</testsuite> <!-- runnerFiles.Regression_Core_Login -->
